<?xml version="1.0" encoding="UTF-8"?>
<!-- Generated by org.testng.reporters.JUnitXMLReporter -->
<testsuite ignored="1" hostname="DESKTOP-9NNILNN" failures="2" tests="3" name="BankingAppTest" time="12.406" errors="0" timestamp="2022-04-01T19:59:33 IST">
  <testcase classname="com.inetBankingV1.testCases.TC_LoginTest_DDT_002" name="LoginTestDDT" time="3.709"/>
  <testcase classname="com.inetBankingV1.testCases.TC_LoginTest_DDT_002" name="LoginTestDDT" time="1.875">
    <failure type="java.lang.AssertionError">
      <![CDATA[java.lang.AssertionError
at org.junit.Assert.fail(Assert.java:86)
at org.junit.Assert.assertTrue(Assert.java:41)
at org.junit.Assert.assertTrue(Assert.java:52)
at com.inetBankingV1.testCases.TC_LoginTest_DDT_002.LoginTestDDT(TC_LoginTest_DDT_002.java:34)
at java.base/java.util.ArrayList.forEach(ArrayList.java:1511)
... Removed 31 stack frames]]>
    </failure>
  </testcase> <!-- LoginTestDDT -->
  <testcase classname="com.inetBankingV1.testCases.TC_LoginTest_DDT_002" name="LoginTestDDT" time="6.049">
    <failure type="java.lang.NullPointerException" message="Cannot invoke &amp;quot;org.openqa.selenium.TakesScreenshot.getScreenshotAs(org.openqa.selenium.OutputType)&amp;quot; because &amp;quot;ts&amp;quot; is null">
      <![CDATA[java.lang.NullPointerException: Cannot invoke "org.openqa.selenium.TakesScreenshot.getScreenshotAs(org.openqa.selenium.OutputType)" because "ts" is null
at com.inetBankingV1.testCases.BaseClass.takeScreenshot(BaseClass.java:71)
at com.inetBankingV1.utilities.ReportGenerator.onTestFailure(ReportGenerator.java:39)
at java.base/java.util.ArrayList.forEach(ArrayList.java:1511)
... Removed 28 stack frames]]>
    </failure>
  </testcase> <!-- LoginTestDDT -->
  <testcase classname="com.inetBankingV1.testCases.TC_LoginTest_DDT_002" name="xpathAxesPractice" time="0.0">
    <ignored/>
  </testcase> <!-- xpathAxesPractice -->
</testsuite> <!-- BankingAppTest -->
