<?xml version="1.0" encoding="UTF-8"?>
<testsuite xmlns:xsi="http://www.w3.org/2001/XMLSchema-instance" xsi:noNamespaceSchemaLocation="https://maven.apache.org/surefire/maven-surefire-plugin/xsd/surefire-test-report-3.0.xsd" version="3.0" name="TestSuite" time="14.97" tests="3" errors="0" skipped="0" failures="0">
  <properties>
[...]
</properties>
  <testcase name="LoginTestDDT[mngr392805, uvYmuzA](1)" classname="com.inetBankingV1.testCases.TC_LoginTest_DDT_002" time="4.003">
    <system-out><![CDATA[ INFO [main] (TC_LoginTest_DDT_002.java:22)- Entered Username
 INFO [main] (TC_LoginTest_DDT_002.java:24)- Entered Password
 WARN [main] (TC_LoginTest_DDT_002.java:40)- Login passed
]]></system-out>
    <system-err><![CDATA[Starting ChromeDriver 99.0.4844.51 (d537ec02474b5afe23684e7963d538896c63ac77-refs/branch-heads/4844@{#875}) on port 32270
Only local connections are allowed.
Please see https://chromedriver.chromium.org/security-considerations for suggestions on keeping ChromeDriver safe.
ChromeDriver was started successfully.
Mar 20, 2022 1:02:11 PM org.openqa.selenium.remote.ProtocolHandshake createSession
INFO: Detected dialect: W3C
]]></system-err>
  </testcase>
  <testcase name="LoginTestDDT[mngr380567, bajUsav](2)" classname="com.inetBankingV1.testCases.TC_LoginTest_DDT_002" time="1.864">
    <system-out><![CDATA[ INFO [main] (TC_LoginTest_DDT_002.java:22)- Entered Username
 INFO [main] (TC_LoginTest_DDT_002.java:24)- Entered Password
 WARN [main] (TC_LoginTest_DDT_002.java:32)- Login failed
]]></system-out>
  </testcase>
  <testcase name="LoginTestDDT[dngr480547, 7ajUsap](3)" classname="com.inetBankingV1.testCases.TC_LoginTest_DDT_002" time="1.806">
    <system-out><![CDATA[ INFO [main] (TC_LoginTest_DDT_002.java:22)- Entered Username
 INFO [main] (TC_LoginTest_DDT_002.java:24)- Entered Password
 WARN [main] (TC_LoginTest_DDT_002.java:32)- Login failed
]]></system-out>
  </testcase>
</testsuite>