<?xml version="1.0" encoding="UTF-8"?>
<testsuite xmlns:xsi="http://www.w3.org/2001/XMLSchema-instance" xsi:noNamespaceSchemaLocation="https://maven.apache.org/surefire/maven-surefire-plugin/xsd/surefire-test-report-3.0.xsd" version="3.0" name="TestSuite" time="17.172" tests="3" errors="0" skipped="0" failures="2">
  <properties>
[...]
</properties>
  <testcase name="LoginTestDDT[mngr392805, uvYmuzA](1)" classname="com.inetBankingV1.testCases.TC_LoginTest_DDT_002" time="3.62">
    <system-out><![CDATA[ INFO [main] (TC_LoginTest_DDT_002.java:25)- Entered Username
 INFO [main] (TC_LoginTest_DDT_002.java:27)- Entered Password
 WARN [main] (TC_LoginTest_DDT_002.java:43)- Login passed
]]></system-out>
    <system-err><![CDATA[Starting ChromeDriver 99.0.4844.51 (d537ec02474b5afe23684e7963d538896c63ac77-refs/branch-heads/4844@{#875}) on port 4681
Only local connections are allowed.
Please see https://chromedriver.chromium.org/security-considerations for suggestions on keeping ChromeDriver safe.
ChromeDriver was started successfully.
[1648899439.587][WARNING]: This version of ChromeDriver has not been tested with Chrome version 100.
Apr 02, 2022 5:07:19 PM org.openqa.selenium.remote.ProtocolHandshake createSession
INFO: Detected dialect: W3C
]]></system-err>
  </testcase>
  <testcase name="LoginTestDDT[mngr380567, bajUsav](2)" classname="com.inetBankingV1.testCases.TC_LoginTest_DDT_002" time="2.037">
    <failure type="java.lang.AssertionError"><![CDATA[java.lang.AssertionError
	at com.inetBankingV1.testCases.TC_LoginTest_DDT_002.LoginTestDDT(TC_LoginTest_DDT_002.java:34)
]]></failure>
    <system-out><![CDATA[ INFO [main] (TC_LoginTest_DDT_002.java:25)- Entered Username
 INFO [main] (TC_LoginTest_DDT_002.java:27)- Entered Password
]]></system-out>
  </testcase>
  <testcase name="LoginTestDDT[dngr480547, 7ajUsap](3)" classname="com.inetBankingV1.testCases.TC_LoginTest_DDT_002" time="1.972">
    <failure type="java.lang.AssertionError"><![CDATA[java.lang.AssertionError
	at com.inetBankingV1.testCases.TC_LoginTest_DDT_002.LoginTestDDT(TC_LoginTest_DDT_002.java:34)
]]></failure>
    <system-out><![CDATA[ INFO [main] (TC_LoginTest_DDT_002.java:25)- Entered Username
 INFO [main] (TC_LoginTest_DDT_002.java:27)- Entered Password
]]></system-out>
  </testcase>
</testsuite>